2022-03-25 12:07:27,734 [1] INFO  SortingTaskDbRepository [(null)] - Creating RepoOrganiserDB
2022-03-25 12:07:27,769 [1] INFO  SortingTaskDbRepository [(null)] - Creating RepoTicketDB
2022-03-25 12:07:27,770 [1] INFO  SortingTaskDbRepository [(null)] - Creating RepoTicketDB
2022-03-25 12:09:22,480 [1] INFO  SortingTaskDbRepository [(null)] - Creating RepoOrganiserDB
2022-03-25 12:09:22,536 [1] INFO  SortingTaskDbRepository [(null)] - Creating RepoTicketDB
2022-03-25 12:09:22,537 [1] INFO  SortingTaskDbRepository [(null)] - Creating RepoTicketDB
2022-03-25 21:26:37,310 [1] INFO  SortingTaskDbRepository [(null)] - Creating RepoOrganiserDB
2022-03-25 21:26:37,352 [1] INFO  SortingTaskDbRepository [(null)] - Creating RepoTicketDB
2022-03-25 21:26:37,355 [1] INFO  SortingTaskDbRepository [(null)] - Creating RepoTicketDB
2022-03-25 21:27:12,638 [1] INFO  SortingTaskDbRepository [(null)] - Creating RepoOrganiserDB
2022-03-25 21:27:12,685 [1] INFO  SortingTaskDbRepository [(null)] - Creating RepoTicketDB
2022-03-25 21:27:12,688 [1] INFO  SortingTaskDbRepository [(null)] - Creating RepoTicketDB
2022-03-25 21:33:47,025 [1] INFO  SortingTaskDbRepository [(null)] - Creating RepoOrganiserDB
2022-03-25 21:33:47,077 [1] INFO  SortingTaskDbRepository [(null)] - Creating RepoTicketDB
2022-03-25 21:33:47,079 [1] INFO  SortingTaskDbRepository [(null)] - Creating RepoTicketDB
2022-03-25 21:35:54,736 [1] INFO  SortingTaskDbRepository [(null)] - Creating RepoOrganiserDB
2022-03-25 21:35:54,785 [1] INFO  SortingTaskDbRepository [(null)] - Creating RepoTicketDB
2022-03-25 21:35:54,787 [1] INFO  SortingTaskDbRepository [(null)] - Creating RepoTicketDB
2022-03-25 21:37:33,182 [1] INFO  SortingTaskDbRepository [(null)] - Creating RepoOrganiserDB
2022-03-25 21:37:33,230 [1] INFO  SortingTaskDbRepository [(null)] - Creating RepoTicketDB
2022-03-25 21:37:33,242 [1] INFO  SortingTaskDbRepository [(null)] - Creating RepoTicketDB
2022-03-25 21:38:47,732 [1] INFO  SortingTaskDbRepository [(null)] - Creating RepoOrganiserDB
2022-03-25 21:38:47,771 [1] INFO  SortingTaskDbRepository [(null)] - Creating RepoTicketDB
2022-03-25 21:38:47,772 [1] INFO  SortingTaskDbRepository [(null)] - Creating RepoTicketDB
2022-03-25 21:41:54,130 [1] INFO  SortingTaskDbRepository [(null)] - Creating RepoOrganiserDB
2022-03-25 21:41:54,166 [1] INFO  SortingTaskDbRepository [(null)] - Creating RepoTicketDB
2022-03-25 21:41:54,167 [1] INFO  SortingTaskDbRepository [(null)] - Creating RepoTicketDB
2022-03-25 21:42:02,858 [1] INFO  SortingTaskDbRepository [(null)] - Creating RepoOrganiserDB
2022-03-25 21:42:02,897 [1] INFO  SortingTaskDbRepository [(null)] - Creating RepoTicketDB
2022-03-25 21:42:02,898 [1] INFO  SortingTaskDbRepository [(null)] - Creating RepoTicketDB
2022-03-25 21:42:09,026 [1] INFO  SortingTaskDbRepository [(null)] - saving organiser 0 o1
2022-03-25 21:42:14,832 [1] INFO  SortingTaskDbRepository [(null)] - saving organiser 0 o1
2022-03-25 21:42:25,261 [1] INFO  SortingTaskDbRepository [(null)] - saving organiser 0 o1
2022-03-25 22:45:51,921 [1] INFO  SortingTaskDbRepository [(null)] - Creating RepoOrganiserDB
2022-03-25 22:45:51,958 [1] INFO  SortingTaskDbRepository [(null)] - Creating RepoTicketDB
2022-03-25 22:45:51,959 [1] INFO  SortingTaskDbRepository [(null)] - Creating RepoTicketDB
2022-03-25 22:46:11,576 [1] INFO  SortingTaskDbRepository [(null)] - Creating RepoOrganiserDB
2022-03-25 22:46:11,602 [1] INFO  SortingTaskDbRepository [(null)] - Creating RepoTicketDB
2022-03-25 22:46:11,603 [1] INFO  SortingTaskDbRepository [(null)] - Creating RepoTicketDB
2022-03-25 22:46:12,772 [1] INFO  SortingTaskDbRepository [(null)] - finding all matches
2022-03-25 22:50:41,211 [1] INFO  SortingTaskDbRepository [(null)] - Creating RepoOrganiserDB
2022-03-25 22:50:41,244 [1] INFO  SortingTaskDbRepository [(null)] - Creating RepoTicketDB
2022-03-25 22:50:41,245 [1] INFO  SortingTaskDbRepository [(null)] - Creating RepoTicketDB
2022-03-25 22:51:39,487 [1] INFO  SortingTaskDbRepository [(null)] - Creating RepoOrganiserDB
2022-03-25 22:51:39,514 [1] INFO  SortingTaskDbRepository [(null)] - Creating RepoTicketDB
2022-03-25 22:51:39,515 [1] INFO  SortingTaskDbRepository [(null)] - Creating RepoTicketDB
2022-03-25 22:51:41,893 [1] INFO  SortingTaskDbRepository [(null)] - finding all matches
2022-03-25 22:58:58,828 [1] INFO  SortingTaskDbRepository [(null)] - Creating RepoOrganiserDB
2022-03-25 22:58:58,855 [1] INFO  SortingTaskDbRepository [(null)] - Creating RepoTicketDB
2022-03-25 22:58:58,856 [1] INFO  SortingTaskDbRepository [(null)] - Creating RepoTicketDB
2022-03-25 22:59:01,218 [1] INFO  SortingTaskDbRepository [(null)] - finding all matches
2022-03-25 22:59:33,754 [1] INFO  SortingTaskDbRepository [(null)] - Creating RepoOrganiserDB
2022-03-25 22:59:33,781 [1] INFO  SortingTaskDbRepository [(null)] - Creating RepoTicketDB
2022-03-25 22:59:33,782 [1] INFO  SortingTaskDbRepository [(null)] - Creating RepoTicketDB
2022-03-25 22:59:36,103 [1] INFO  SortingTaskDbRepository [(null)] - finding all matches
2022-03-25 23:00:51,355 [1] INFO  SortingTaskDbRepository [(null)] - Creating RepoOrganiserDB
2022-03-25 23:00:51,382 [1] INFO  SortingTaskDbRepository [(null)] - Creating RepoTicketDB
2022-03-25 23:00:51,383 [1] INFO  SortingTaskDbRepository [(null)] - Creating RepoTicketDB
2022-03-25 23:00:52,814 [1] INFO  SortingTaskDbRepository [(null)] - finding all matches
2022-03-25 23:04:56,331 [1] INFO  SortingTaskDbRepository [(null)] - Creating RepoOrganiserDB
2022-03-25 23:04:56,357 [1] INFO  SortingTaskDbRepository [(null)] - Creating RepoTicketDB
2022-03-25 23:04:56,358 [1] INFO  SortingTaskDbRepository [(null)] - Creating RepoTicketDB
2022-03-25 23:04:57,875 [1] INFO  SortingTaskDbRepository [(null)] - finding all matches
2022-03-25 23:09:03,990 [1] INFO  SortingTaskDbRepository [(null)] - Creating RepoOrganiserDB
2022-03-25 23:09:04,020 [1] INFO  SortingTaskDbRepository [(null)] - Creating RepoTicketDB
2022-03-25 23:09:04,021 [1] INFO  SortingTaskDbRepository [(null)] - Creating RepoTicketDB
2022-03-25 23:09:06,232 [1] INFO  SortingTaskDbRepository [(null)] - finding all matches
2022-03-25 23:10:16,240 [1] INFO  SortingTaskDbRepository [(null)] - Creating RepoOrganiserDB
2022-03-25 23:10:16,266 [1] INFO  SortingTaskDbRepository [(null)] - Creating RepoTicketDB
2022-03-25 23:10:16,267 [1] INFO  SortingTaskDbRepository [(null)] - Creating RepoTicketDB
2022-03-25 23:10:17,203 [1] INFO  SortingTaskDbRepository [(null)] - finding all matches
2022-03-25 23:10:17,335 [1] INFO  SortingTaskDbRepository [(null)] - found 0 matches
2022-03-25 23:13:10,478 [1] INFO  SortingTaskDbRepository [(null)] - Creating RepoOrganiserDB
2022-03-25 23:13:10,513 [1] INFO  SortingTaskDbRepository [(null)] - Creating RepoTicketDB
2022-03-25 23:13:10,514 [1] INFO  SortingTaskDbRepository [(null)] - Creating RepoTicketDB
2022-03-25 23:13:13,713 [1] INFO  SortingTaskDbRepository [(null)] - finding all matches
2022-03-25 23:17:09,552 [1] INFO  SortingTaskDbRepository [(null)] - Creating RepoOrganiserDB
2022-03-25 23:17:09,578 [1] INFO  SortingTaskDbRepository [(null)] - Creating RepoTicketDB
2022-03-25 23:17:09,579 [1] INFO  SortingTaskDbRepository [(null)] - Creating RepoTicketDB
2022-03-25 23:17:09,585 [1] INFO  SortingTaskDbRepository [(null)] - finding all matches
2022-03-25 23:20:37,755 [1] INFO  SortingTaskDbRepository [(null)] - Creating RepoOrganiserDB
2022-03-25 23:20:37,784 [1] INFO  SortingTaskDbRepository [(null)] - Creating RepoTicketDB
2022-03-25 23:20:37,785 [1] INFO  SortingTaskDbRepository [(null)] - Creating RepoTicketDB
2022-03-25 23:20:37,793 [1] INFO  SortingTaskDbRepository [(null)] - finding all matches
2022-03-25 23:39:42,306 [1] INFO  SortingTaskDbRepository [(null)] - Creating RepoOrganiserDB
2022-03-25 23:39:42,339 [1] INFO  SortingTaskDbRepository [(null)] - Creating RepoTicketDB
2022-03-25 23:39:42,340 [1] INFO  SortingTaskDbRepository [(null)] - Creating RepoTicketDB
2022-03-25 23:39:42,350 [1] INFO  SortingTaskDbRepository [(null)] - finding all matches
2022-03-25 23:39:42,441 [1] INFO  SortingTaskDbRepository [(null)] - found 0 matches
2022-03-25 23:40:14,105 [1] INFO  SortingTaskDbRepository [(null)] - Creating RepoOrganiserDB
2022-03-25 23:40:14,135 [1] INFO  SortingTaskDbRepository [(null)] - Creating RepoTicketDB
2022-03-25 23:40:14,136 [1] INFO  SortingTaskDbRepository [(null)] - Creating RepoTicketDB
2022-03-25 23:40:14,144 [1] INFO  SortingTaskDbRepository [(null)] - finding all matches
2022-03-25 23:42:04,188 [1] INFO  SortingTaskDbRepository [(null)] - Creating RepoOrganiserDB
2022-03-25 23:42:42,099 [1] INFO  SortingTaskDbRepository [(null)] - Creating RepoOrganiserDB
2022-03-25 23:42:42,131 [1] INFO  SortingTaskDbRepository [(null)] - Creating RepoTicketDB
2022-03-25 23:42:42,131 [1] INFO  SortingTaskDbRepository [(null)] - Creating RepoTicketDB
2022-03-25 23:42:42,137 [1] INFO  SortingTaskDbRepository [(null)] - finding all matches
2022-03-25 23:45:50,730 [1] INFO  SortingTaskDbRepository [(null)] - Creating RepoOrganiserDB
2022-03-25 23:45:50,766 [1] INFO  SortingTaskDbRepository [(null)] - Creating RepoTicketDB
2022-03-25 23:45:50,767 [1] INFO  SortingTaskDbRepository [(null)] - Creating RepoTicketDB
2022-03-25 23:45:52,395 [1] INFO  SortingTaskDbRepository [(null)] - finding all matches
